<?xml version="1.0" encoding="UTF-8"?>
<!-- Generated by org.testng.reporters.JUnitReportReporter -->
<testsuite hostname="DESKTOP-MMONDMP" failures="0" tests="2" name="Test.TestNG" time="4.888" errors="0" timestamp="2025-07-18T12:16:18 GMT+07:00" skipped="0">
  <testcase classname="Test.TestNG" name="demo1" time="1.131"/>
  <testcase classname="Test.TestNG" name="demo2" time="3.757"/>
</testsuite> <!-- Test.TestNG -->
