<?xml version="1.0" encoding="UTF-8"?>
<!-- Generated by org.testng.reporters.JUnitReportReporter -->
<testsuite hostname="DESKTOP-MMONDMP" failures="0" tests="2" name="firstpackage.SecondClass" time="0.001" errors="0" timestamp="2025-07-18T13:16:19 GMT+07:00" skipped="0">
  <testcase classname="firstpackage.SecondClass" name="secondMethod" time="0.000"/>
  <testcase classname="firstpackage.SecondClass" name="firstMethod" time="0.001"/>
</testsuite> <!-- firstpackage.SecondClass -->
