<?xml version="1.0" encoding="UTF-8"?>
<!-- Generated by org.testng.reporters.JUnitReportReporter -->
<testsuite hostname="DESKTOP-MMONDMP" failures="0" tests="1" name="Buoi15.packagetong.third.FirstClass" time="0.000" errors="0" timestamp="2025-07-18T13:16:19 GMT+07:00" skipped="0">
  <testcase classname="Buoi15.packagetong.third.FirstClass" name="firstMethod" time="0.000"/>
</testsuite> <!-- third.Buoi15.packagetong.FirstClass -->
