<?xml version="1.0" encoding="UTF-8"?>
<!-- Generated by org.testng.reporters.JUnitReportReporter -->
<testsuite hostname="DESKTOP-MMONDMP" failures="0" tests="2" name="Buoi16.testannotation.TestAnnotation" time="0.003" errors="0" timestamp="2025-07-18T17:39:15 GMT+07:00" skipped="0">
  <testcase classname="Buoi16.testannotation.TestAnnotation" name="testOneMethod" time="0.002"/>
  <testcase classname="Buoi16.testannotation.TestAnnotation" name="testTwoMethod" time="0.001"/>
</testsuite> <!-- Buoi16.testannotation.TestAnnotation -->
