<?xml version="1.0" encoding="UTF-8"?>
<!-- Generated by org.testng.reporters.JUnitReportReporter -->
<testsuite hostname="DESKTOP-MMONDMP" failures="0" tests="2" name="secondpackage.FirstClass" time="0.005" errors="0" timestamp="2025-07-18T13:16:19 GMT+07:00" skipped="0">
  <testcase classname="secondpackage.FirstClass" name="secondMethod" time="0.000"/>
  <testcase classname="secondpackage.FirstClass" name="firstMethod" time="0.005"/>
</testsuite> <!-- secondpackage.FirstClass -->
